1
0
1
ASSEMBLY
1
ELEM1-1
ELEM1
1
ELEM1-1
20
1 1
2 2
3 3
4 4
5 5
6 6
7 7
8 8
9 9
10 10
11 11
12 12
13 13
14 14
15 15
16 16
17 17
18 18
19 19
20 20
1 1
2 2
3 3
4 4
5 5
6 6
7 7
8 8
9 9
10 10
11 11
12 12
13 13
14 14
15 15
16 16
17 17
18 18
19 19
20 20
0
1
ELEM1-1
1
1 1
1 1
0
12
SET-1
0
1
0
1
ELEM1-1
1
1 
0
SET-10
0
1
0
1
ELEM1-1
1
1 
0
SET-11
0
1
0
1
ELEM1-1
1
1 
0
SET-12
0
1
0
1
ELEM1-1
1
1 
0
SET-2
0
1
0
1
ELEM1-1
1
1 
0
SET-3
0
1
0
1
ELEM1-1
1
1 
0
SET-4
0
1
0
1
ELEM1-1
1
1 
0
SET-5
0
1
0
1
ELEM1-1
1
1 
0
SET-6
0
1
0
1
ELEM1-1
1
1 
0
SET-7
0
1
0
1
ELEM1-1
1
1 
0
SET-8
0
1
0
1
ELEM1-1
1
1 
0
SET-9
0
1
0
1
ELEM1-1
1
1 
0
1
ELEM1-1
1
SET-2
0
1
1
1 
0
0
0
12
SET-1
0
1
0
1
ELEM1-1
8
1 2 3 4 13 14 15 16 
0
SET-10
0
1
0
1
ELEM1-1
8
1 3 5 7 9 16 18 20 
0
SET-11
0
1
0
1
ELEM1-1
8
1 2 5 6 12 13 17 18 
0
SET-12
0
1
0
1
ELEM1-1
8
1 2 3 4 13 14 15 16 
0
SET-2
0
1
0
1
ELEM1-1
8
5 6 7 8 9 10 11 12 
0
SET-3
0
1
0
1
ELEM1-1
8
1 3 5 7 9 16 18 20 
0
SET-4
0
1
0
1
ELEM1-1
8
2 4 6 8 11 14 17 19 
0
SET-5
0
1
0
1
ELEM1-1
8
1 2 5 6 12 13 17 18 
0
SET-6
0
1
0
1
ELEM1-1
8
2 4 6 8 11 14 17 19 
0
SET-7
0
1
0
1
ELEM1-1
8
1 2 5 6 12 13 17 18 
0
SET-8
0
1
0
1
ELEM1-1
8
2 4 6 8 11 14 17 19 
0
SET-9
0
1
0
1
ELEM1-1
8
1 2 5 6 12 13 17 18 
0
1
ELEM1-1
1
SET-2
0
1
20
1 2 3 4 5 6 7 8 9 10 11 12 13 14 15 16 17 18 19 20 
0
0
0
0
0
