Abaqus JOB SingleElemEquiNumeric
Abaqus 6.13-1
Abaqus License Manager checked out the following licenses:
Abaqus/Standard checked out 5 tokens.
<1009 out of 1024 licenses remain available>.
Begin Linking Abaqus/Standard User Subroutines
   Creating library standardU.lib and object standardU.exp
End Linking Abaqus/Standard User Subroutines
2015/5/17 14:24:31
Begin Analysis Input File Processor
2015/5/17 14:24:31
Run pre.exe
2015/5/17 14:24:43
End Analysis Input File Processor
Begin Abaqus/Standard Analysis
2015/5/17 14:24:43
Run standard.exe
2015/5/17 14:24:58
End Abaqus/Standard Analysis
Abaqus JOB SingleElemEquiNumeric COMPLETED
